# JRE version: Java(TM) SE Runtime Environment (8.0_66-b18) (build 1.8.0_66-b18)
# Java VM: Java HotSpot(TM) 64-Bit Server VM (25.66-b18 mixed mode windows-amd64 compressed oops)
Heap:
 PSYoungGen      total 45568K, used 25959K [0x00000007bc400000, 0x00000007c0000000, 0x00000007c0000000)
  eden space 29696K, 52% used [0x00000007bc400000,0x00000007bd336160,0x00000007be100000)
  from space 15872K, 65% used [0x00000007be100000,0x00000007beb23c70,0x00000007bf080000)
  to   space 15872K, 0% used [0x00000007bf080000,0x00000007bf080000,0x00000007c0000000)
 ParOldGen       total 221696K, used 109052K [0x0000000700000000, 0x000000070d880000, 0x00000007bc400000)
  object space 221696K, 49% used [0x0000000700000000,0x0000000706a7f1e8,0x000000070d880000)
 Metaspace       used 67232K, capacity 67945K, committed 68352K, reserved 1107968K
  class space    used 9560K, capacity 9712K, committed 9728K, reserved 1048576K
GC Heap History (10 events):
Event: 109201.932 GC heap before
{Heap before GC invocations=590 (full 43):
 PSYoungGen      total 46592K, used 44128K [0x00000007bc400000, 0x00000007c0000000, 0x00000007c0000000)
  eden space 33792K, 100% used [0x00000007bc400000,0x00000007be500000,0x00000007be500000)
  from space 12800K, 80% used [0x00000007bf380000,0x00000007bfd982e0,0x00000007c0000000)
  to   space 13824K, 0% used [0x00000007be500000,0x00000007be500000,0x00000007bf280000)
 ParOldGen       total 221696K, used 76915K [0x0000000700000000, 0x000000070d880000, 0x00000007bc400000)
  object space 221696K, 34% used [0x0000000700000000,0x0000000704b1cf78,0x000000070d880000)
 Metaspace       used 67210K, capacity 67939K, committed 68352K, reserved 1107968K
  class space    used 9559K, capacity 9711K, committed 9728K, reserved 1048576K
Event: 109202.084 GC heap after
Heap after GC invocations=590 (full 43):
 PSYoungGen      total 44544K, used 10467K [0x00000007bc400000, 0x00000007c0000000, 0x00000007c0000000)
  eden space 33792K, 0% used [0x00000007bc400000,0x00000007bc400000,0x00000007be500000)
  from space 10752K, 97% used [0x00000007be500000,0x00000007bef38ed8,0x00000007bef80000)
  to   space 14336K, 0% used [0x00000007bf200000,0x00000007bf200000,0x00000007c0000000)
 ParOldGen       total 221696K, used 87153K [0x0000000700000000, 0x000000070d880000, 0x00000007bc400000)
  object space 221696K, 39% used [0x0000000700000000,0x000000070551c598,0x000000070d880000)
 Metaspace       used 67210K, capacity 67939K, committed 68352K, reserved 1107968K
  class space    used 9559K, capacity 9711K, committed 9728K, reserved 1048576K
}
Event: 109279.068 GC heap before
{Heap before GC invocations=591 (full 43):
 PSYoungGen      total 44544K, used 44259K [0x00000007bc400000, 0x00000007c0000000, 0x00000007c0000000)
  eden space 33792K, 100% used [0x00000007bc400000,0x00000007be500000,0x00000007be500000)
  from space 10752K, 97% used [0x00000007be500000,0x00000007bef38ed8,0x00000007bef80000)
  to   space 14336K, 0% used [0x00000007bf200000,0x00000007bf200000,0x00000007c0000000)
 ParOldGen       total 221696K, used 87153K [0x0000000700000000, 0x000000070d880000, 0x00000007bc400000)
  object space 221696K, 39% used [0x0000000700000000,0x000000070551c598,0x000000070d880000)
 Metaspace       used 67215K, capacity 67939K, committed 68352K, reserved 1107968K
  class space    used 9559K, capacity 9711K, committed 9728K, reserved 1048576K
Event: 109279.144 GC heap after
Heap after GC invocations=591 (full 43):
 PSYoungGen      total 45056K, used 10631K [0x00000007bc400000, 0x00000007c0000000, 0x00000007c0000000)
  eden space 30720K, 0% used [0x00000007bc400000,0x00000007bc400000,0x00000007be200000)
  from space 14336K, 74% used [0x00000007bf200000,0x00000007bfc61c10,0x00000007c0000000)
  to   space 15360K, 0% used [0x00000007be200000,0x00000007be200000,0x00000007bf100000)
 ParOldGen       total 221696K, used 97398K [0x0000000700000000, 0x000000070d880000, 0x00000007bc400000)
  object space 221696K, 43% used [0x0000000700000000,0x0000000705f1dbb8,0x000000070d880000)
 Metaspace       used 67215K, capacity 67939K, committed 68352K, reserved 1107968K
  class space    used 9559K, capacity 9711K, committed 9728K, reserved 1048576K
}
Event: 109362.252 GC heap before
{Heap before GC invocations=592 (full 43):
 PSYoungGen      total 45056K, used 41351K [0x00000007bc400000, 0x00000007c0000000, 0x00000007c0000000)
  eden space 30720K, 100% used [0x00000007bc400000,0x00000007be200000,0x00000007be200000)
  from space 14336K, 74% used [0x00000007bf200000,0x00000007bfc61c10,0x00000007c0000000)
  to   space 15360K, 0% used [0x00000007be200000,0x00000007be200000,0x00000007bf100000)
 ParOldGen       total 221696K, used 97398K [0x0000000700000000, 0x000000070d880000, 0x00000007bc400000)
  object space 221696K, 43% used [0x0000000700000000,0x0000000705f1dbb8,0x000000070d880000)
 Metaspace       used 67216K, capacity 67939K, committed 68352K, reserved 1107968K
  class space    used 9559K, capacity 9711K, committed 9728K, reserved 1048576K
Event: 109362.315 GC heap after
Heap after GC invocations=592 (full 43):
 PSYoungGen      total 41472K, used 10631K [0x00000007bc400000, 0x00000007c0000000, 0x00000007c0000000)
  eden space 30720K, 0% used [0x00000007bc400000,0x00000007bc400000,0x00000007be200000)
  from space 10752K, 98% used [0x00000007be200000,0x00000007bec61c10,0x00000007bec80000)
  to   space 15872K, 0% used [0x00000007bf080000,0x00000007bf080000,0x00000007c0000000)
 ParOldGen       total 221696K, used 107636K [0x0000000700000000, 0x000000070d880000, 0x00000007bc400000)
  object space 221696K, 48% used [0x0000000700000000,0x000000070691d1d8,0x000000070d880000)
 Metaspace       used 67216K, capacity 67939K, committed 68352K, reserved 1107968K
  class space    used 9559K, capacity 9711K, committed 9728K, reserved 1048576K
}
Event: 109426.280 GC heap before
{Heap before GC invocations=593 (full 43):
 PSYoungGen      total 41472K, used 41351K [0x00000007bc400000, 0x00000007c0000000, 0x00000007c0000000)
  eden space 30720K, 100% used [0x00000007bc400000,0x00000007be200000,0x00000007be200000)
  from space 10752K, 98% used [0x00000007be200000,0x00000007bec61c10,0x00000007bec80000)
  to   space 15872K, 0% used [0x00000007bf080000,0x00000007bf080000,0x00000007c0000000)
 ParOldGen       total 221696K, used 107636K [0x0000000700000000, 0x000000070d880000, 0x00000007bc400000)
  object space 221696K, 48% used [0x0000000700000000,0x000000070691d1d8,0x000000070d880000)
 Metaspace       used 67217K, capacity 67939K, committed 68352K, reserved 1107968K
  class space    used 9559K, capacity 9711K, committed 9728K, reserved 1048576K
Event: 109426.300 GC heap after
Heap after GC invocations=593 (full 43):
 PSYoungGen      total 45568K, used 10063K [0x00000007bc400000, 0x00000007c0000000, 0x00000007c0000000)
  eden space 29696K, 0% used [0x00000007bc400000,0x00000007bc400000,0x00000007be100000)
  from space 15872K, 63% used [0x00000007bf080000,0x00000007bfa53c70,0x00000007c0000000)
  to   space 15872K, 0% used [0x00000007be100000,0x00000007be100000,0x00000007bf080000)
 ParOldGen       total 221696K, used 108396K [0x0000000700000000, 0x000000070d880000, 0x00000007bc400000)
  object space 221696K, 48% used [0x0000000700000000,0x00000007069db1e8,0x000000070d880000)
 Metaspace       used 67217K, capacity 67939K, committed 68352K, reserved 1107968K
  class space    used 9559K, capacity 9711K, committed 9728K, reserved 1048576K
}
Event: 109453.963 GC heap before
{Heap before GC invocations=594 (full 43):
 PSYoungGen      total 45568K, used 39759K [0x00000007bc400000, 0x00000007c0000000, 0x00000007c0000000)
  eden space 29696K, 100% used [0x00000007bc400000,0x00000007be100000,0x00000007be100000)
  from space 15872K, 63% used [0x00000007bf080000,0x00000007bfa53c70,0x00000007c0000000)
  to   space 15872K, 0% used [0x00000007be100000,0x00000007be100000,0x00000007bf080000)
 ParOldGen       total 221696K, used 108396K [0x0000000700000000, 0x000000070d880000, 0x00000007bc400000)
  object space 221696K, 48% used [0x0000000700000000,0x00000007069db1e8,0x000000070d880000)
 Metaspace       used 67229K, capacity 67945K, committed 68352K, reserved 1107968K
  class space    used 9560K, capacity 9712K, committed 9728K, reserved 1048576K
Event: 109453.985 GC heap after
Heap after GC invocations=594 (full 43):
 PSYoungGen      total 45568K, used 10383K [0x00000007bc400000, 0x00000007c0000000, 0x00000007c0000000)
  eden space 29696K, 0% used [0x00000007bc400000,0x00000007bc400000,0x00000007be100000)
  from space 15872K, 65% used [0x00000007be100000,0x00000007beb23c70,0x00000007bf080000)
  to   space 15872K, 0% used [0x00000007bf080000,0x00000007bf080000,0x00000007c0000000)
 ParOldGen       total 221696K, used 109052K [0x0000000700000000, 0x000000070d880000, 0x00000007bc400000)
  object space 221696K, 49% used [0x0000000700000000,0x0000000706a7f1e8,0x000000070d880000)
 Metaspace       used 67229K, capacity 67945K, committed 68352K, reserved 1107968K
  class space    used 9560K, capacity 9712K, committed 9728K, reserved 1048576K
}

