# JRE version: Java(TM) SE Runtime Environment (8.0_66-b18) (build 1.8.0_66-b18)
# Java VM: Java HotSpot(TM) 64-Bit Server VM (25.66-b18 mixed mode windows-amd64 compressed oops)
Heap:
 PSYoungGen      total 58368K, used 17140K [0x00000000f5580000, 0x00000000f9500000, 0x0000000100000000)
  eden space 52224K, 26% used [0x00000000f5580000,0x00000000f6304fc0,0x00000000f8880000)
  from space 6144K, 53% used [0x00000000f8880000,0x00000000f8bb8068,0x00000000f8e80000)
  to   space 6144K, 0% used [0x00000000f8f00000,0x00000000f8f00000,0x00000000f9500000)
 ParOldGen       total 135168K, used 67648K [0x00000000e0000000, 0x00000000e8400000, 0x00000000f5580000)
  object space 135168K, 50% used [0x00000000e0000000,0x00000000e42103b0,0x00000000e8400000)
 Metaspace       used 106833K, capacity 115232K, committed 115480K, reserved 1150976K
  class space    used 12271K, capacity 14869K, committed 14888K, reserved 1048576K
GC Heap History (10 events):
Event: 36540.095 GC heap before
{Heap before GC invocations=358 (full 5):
 PSYoungGen      total 55808K, used 54543K [0x00000000f5580000, 0x00000000f9200000, 0x0000000100000000)
  eden space 50688K, 100% used [0x00000000f5580000,0x00000000f8700000,0x00000000f8700000)
  from space 5120K, 75% used [0x00000000f8d00000,0x00000000f90c3db0,0x00000000f9200000)
  to   space 5632K, 0% used [0x00000000f8700000,0x00000000f8700000,0x00000000f8c80000)
 ParOldGen       total 135168K, used 67401K [0x00000000e0000000, 0x00000000e8400000, 0x00000000f5580000)
  object space 135168K, 49% used [0x00000000e0000000,0x00000000e41d2450,0x00000000e8400000)
 Metaspace       used 106228K, capacity 114616K, committed 114840K, reserved 1148928K
  class space    used 12207K, capacity 14709K, committed 14760K, reserved 1048576K
Event: 36540.114 GC heap after
Heap after GC invocations=358 (full 5):
 PSYoungGen      total 56320K, used 4903K [0x00000000f5580000, 0x00000000f9400000, 0x0000000100000000)
  eden space 50688K, 0% used [0x00000000f5580000,0x00000000f5580000,0x00000000f8700000)
  from space 5632K, 87% used [0x00000000f8700000,0x00000000f8bc9db8,0x00000000f8c80000)
  to   space 6144K, 0% used [0x00000000f8e00000,0x00000000f8e00000,0x00000000f9400000)
 ParOldGen       total 135168K, used 67433K [0x00000000e0000000, 0x00000000e8400000, 0x00000000f5580000)
  object space 135168K, 49% used [0x00000000e0000000,0x00000000e41da450,0x00000000e8400000)
 Metaspace       used 106228K, capacity 114616K, committed 114840K, reserved 1148928K
  class space    used 12207K, capacity 14709K, committed 14760K, reserved 1048576K
}
Event: 36561.604 GC heap before
{Heap before GC invocations=359 (full 5):
 PSYoungGen      total 56320K, used 55591K [0x00000000f5580000, 0x00000000f9400000, 0x0000000100000000)
  eden space 50688K, 100% used [0x00000000f5580000,0x00000000f8700000,0x00000000f8700000)
  from space 5632K, 87% used [0x00000000f8700000,0x00000000f8bc9db8,0x00000000f8c80000)
  to   space 6144K, 0% used [0x00000000f8e00000,0x00000000f8e00000,0x00000000f9400000)
 ParOldGen       total 135168K, used 67433K [0x00000000e0000000, 0x00000000e8400000, 0x00000000f5580000)
  object space 135168K, 49% used [0x00000000e0000000,0x00000000e41da450,0x00000000e8400000)
 Metaspace       used 106233K, capacity 114616K, committed 114840K, reserved 1148928K
  class space    used 12207K, capacity 14709K, committed 14760K, reserved 1048576K
Event: 36561.611 GC heap after
Heap after GC invocations=359 (full 5):
 PSYoungGen      total 56832K, used 4228K [0x00000000f5580000, 0x00000000f9300000, 0x0000000100000000)
  eden space 51712K, 0% used [0x00000000f5580000,0x00000000f5580000,0x00000000f8800000)
  from space 5120K, 82% used [0x00000000f8e00000,0x00000000f9221278,0x00000000f9300000)
  to   space 5632K, 0% used [0x00000000f8800000,0x00000000f8800000,0x00000000f8d80000)
 ParOldGen       total 135168K, used 67481K [0x00000000e0000000, 0x00000000e8400000, 0x00000000f5580000)
  object space 135168K, 49% used [0x00000000e0000000,0x00000000e41e6450,0x00000000e8400000)
 Metaspace       used 106233K, capacity 114616K, committed 114840K, reserved 1148928K
  class space    used 12207K, capacity 14709K, committed 14760K, reserved 1048576K
}
Event: 36564.309 GC heap before
{Heap before GC invocations=360 (full 5):
 PSYoungGen      total 56832K, used 55940K [0x00000000f5580000, 0x00000000f9300000, 0x0000000100000000)
  eden space 51712K, 100% used [0x00000000f5580000,0x00000000f8800000,0x00000000f8800000)
  from space 5120K, 82% used [0x00000000f8e00000,0x00000000f9221278,0x00000000f9300000)
  to   space 5632K, 0% used [0x00000000f8800000,0x00000000f8800000,0x00000000f8d80000)
 ParOldGen       total 135168K, used 67481K [0x00000000e0000000, 0x00000000e8400000, 0x00000000f5580000)
  object space 135168K, 49% used [0x00000000e0000000,0x00000000e41e6450,0x00000000e8400000)
 Metaspace       used 106273K, capacity 114616K, committed 114840K, reserved 1148928K
  class space    used 12207K, capacity 14709K, committed 14760K, reserved 1048576K
Event: 36564.317 GC heap after
Heap after GC invocations=360 (full 5):
 PSYoungGen      total 57344K, used 4801K [0x00000000f5580000, 0x00000000f9400000, 0x0000000100000000)
  eden space 51712K, 0% used [0x00000000f5580000,0x00000000f5580000,0x00000000f8800000)
  from space 5632K, 85% used [0x00000000f8800000,0x00000000f8cb06f0,0x00000000f8d80000)
  to   space 5632K, 0% used [0x00000000f8e80000,0x00000000f8e80000,0x00000000f9400000)
 ParOldGen       total 135168K, used 67544K [0x00000000e0000000, 0x00000000e8400000, 0x00000000f5580000)
  object space 135168K, 49% used [0x00000000e0000000,0x00000000e41f63b0,0x00000000e8400000)
 Metaspace       used 106273K, capacity 114616K, committed 114840K, reserved 1148928K
  class space    used 12207K, capacity 14709K, committed 14760K, reserved 1048576K
}
Event: 36749.967 GC heap before
{Heap before GC invocations=361 (full 5):
 PSYoungGen      total 57344K, used 56513K [0x00000000f5580000, 0x00000000f9400000, 0x0000000100000000)
  eden space 51712K, 100% used [0x00000000f5580000,0x00000000f8800000,0x00000000f8800000)
  from space 5632K, 85% used [0x00000000f8800000,0x00000000f8cb06f0,0x00000000f8d80000)
  to   space 5632K, 0% used [0x00000000f8e80000,0x00000000f8e80000,0x00000000f9400000)
 ParOldGen       total 135168K, used 67544K [0x00000000e0000000, 0x00000000e8400000, 0x00000000f5580000)
  object space 135168K, 49% used [0x00000000e0000000,0x00000000e41f63b0,0x00000000e8400000)
 Metaspace       used 106283K, capacity 114616K, committed 114840K, reserved 1148928K
  class space    used 12207K, capacity 14709K, committed 14760K, reserved 1048576K
Event: 36749.990 GC heap after
Heap after GC invocations=361 (full 5):
 PSYoungGen      total 57856K, used 5103K [0x00000000f5580000, 0x00000000f9500000, 0x0000000100000000)
  eden space 52224K, 0% used [0x00000000f5580000,0x00000000f5580000,0x00000000f8880000)
  from space 5632K, 90% used [0x00000000f8e80000,0x00000000f937bf00,0x00000000f9400000)
  to   space 6144K, 0% used [0x00000000f8880000,0x00000000f8880000,0x00000000f8e80000)
 ParOldGen       total 135168K, used 67608K [0x00000000e0000000, 0x00000000e8400000, 0x00000000f5580000)
  object space 135168K, 50% used [0x00000000e0000000,0x00000000e42063b0,0x00000000e8400000)
 Metaspace       used 106283K, capacity 114616K, committed 114840K, reserved 1148928K
  class space    used 12207K, capacity 14709K, committed 14760K, reserved 1048576K
}
Event: 36790.589 GC heap before
{Heap before GC invocations=362 (full 5):
 PSYoungGen      total 57856K, used 57327K [0x00000000f5580000, 0x00000000f9500000, 0x0000000100000000)
  eden space 52224K, 100% used [0x00000000f5580000,0x00000000f8880000,0x00000000f8880000)
  from space 5632K, 90% used [0x00000000f8e80000,0x00000000f937bf00,0x00000000f9400000)
  to   space 6144K, 0% used [0x00000000f8880000,0x00000000f8880000,0x00000000f8e80000)
 ParOldGen       total 135168K, used 67608K [0x00000000e0000000, 0x00000000e8400000, 0x00000000f5580000)
  object space 135168K, 50% used [0x00000000e0000000,0x00000000e42063b0,0x00000000e8400000)
 Metaspace       used 106476K, capacity 114904K, committed 115224K, reserved 1148928K
  class space    used 12233K, capacity 14805K, committed 14888K, reserved 1048576K
Event: 36790.602 GC heap after
Heap after GC invocations=362 (full 5):
 PSYoungGen      total 58368K, used 3296K [0x00000000f5580000, 0x00000000f9500000, 0x0000000100000000)
  eden space 52224K, 0% used [0x00000000f5580000,0x00000000f5580000,0x00000000f8880000)
  from space 6144K, 53% used [0x00000000f8880000,0x00000000f8bb8068,0x00000000f8e80000)
  to   space 6144K, 0% used [0x00000000f8f00000,0x00000000f8f00000,0x00000000f9500000)
 ParOldGen       total 135168K, used 67648K [0x00000000e0000000, 0x00000000e8400000, 0x00000000f5580000)
  object space 135168K, 50% used [0x00000000e0000000,0x00000000e42103b0,0x00000000e8400000)
 Metaspace       used 106476K, capacity 114904K, committed 115224K, reserved 1148928K
  class space    used 12233K, capacity 14805K, committed 14888K, reserved 1048576K
}

