# JRE version: Java(TM) SE Runtime Environment (8.0_66-b18) (build 1.8.0_66-b18)
# Java VM: Java HotSpot(TM) 64-Bit Server VM (25.66-b18 mixed mode windows-amd64 compressed oops)
Heap:
 PSYoungGen      total 118784K, used 56250K [0x00000000f5580000, 0x00000000fca80000, 0x0000000100000000)
  eden space 118272K, 47% used [0x00000000f5580000,0x00000000f8c6ea48,0x00000000fc900000)
  from space 512K, 0% used [0x00000000fc980000,0x00000000fc980000,0x00000000fca00000)
  to   space 512K, 0% used [0x00000000fca00000,0x00000000fca00000,0x00000000fca80000)
 ParOldGen       total 98304K, used 53805K [0x00000000e0000000, 0x00000000e6000000, 0x00000000f5580000)
  object space 98304K, 54% used [0x00000000e0000000,0x00000000e348b550,0x00000000e6000000)
 Metaspace       used 97469K, capacity 105174K, committed 105368K, reserved 1140736K
  class space    used 11641K, capacity 13960K, committed 13992K, reserved 1048576K
GC Heap History (10 events):
Event: 5259.561 GC heap before
{Heap before GC invocations=190 (full 89):
 PSYoungGen      total 119296K, used 160K [0x00000000f5580000, 0x00000000fcb00000, 0x0000000100000000)
  eden space 118272K, 0% used [0x00000000f5580000,0x00000000f5580000,0x00000000fc900000)
  from space 1024K, 15% used [0x00000000fc900000,0x00000000fc928000,0x00000000fca00000)
  to   space 1024K, 0% used [0x00000000fca00000,0x00000000fca00000,0x00000000fcb00000)
 ParOldGen       total 98304K, used 53810K [0x00000000e0000000, 0x00000000e6000000, 0x00000000f5580000)
  object space 98304K, 54% used [0x00000000e0000000,0x00000000e348cbe0,0x00000000e6000000)
 Metaspace       used 96686K, capacity 104346K, committed 104728K, reserved 1140736K
  class space    used 11552K, capacity 13732K, committed 13864K, reserved 1048576K
Event: 5259.934 GC heap after
Heap after GC invocations=190 (full 89):
 PSYoungGen      total 119296K, used 0K [0x00000000f5580000, 0x00000000fcb00000, 0x0000000100000000)
  eden space 118272K, 0% used [0x00000000f5580000,0x00000000f5580000,0x00000000fc900000)
  from space 1024K, 0% used [0x00000000fc900000,0x00000000fc900000,0x00000000fca00000)
  to   space 1024K, 0% used [0x00000000fca00000,0x00000000fca00000,0x00000000fcb00000)
 ParOldGen       total 98304K, used 53805K [0x00000000e0000000, 0x00000000e6000000, 0x00000000f5580000)
  object space 98304K, 54% used [0x00000000e0000000,0x00000000e348b618,0x00000000e6000000)
 Metaspace       used 96686K, capacity 104346K, committed 104728K, reserved 1140736K
  class space    used 11552K, capacity 13732K, committed 13864K, reserved 1048576K
}
Event: 5319.573 GC heap before
{Heap before GC invocations=191 (full 89):
 PSYoungGen      total 119296K, used 2528K [0x00000000f5580000, 0x00000000fcb00000, 0x0000000100000000)
  eden space 118272K, 2% used [0x00000000f5580000,0x00000000f57f8020,0x00000000fc900000)
  from space 1024K, 0% used [0x00000000fc900000,0x00000000fc900000,0x00000000fca00000)
  to   space 1024K, 0% used [0x00000000fca00000,0x00000000fca00000,0x00000000fcb00000)
 ParOldGen       total 98304K, used 53805K [0x00000000e0000000, 0x00000000e6000000, 0x00000000f5580000)
  object space 98304K, 54% used [0x00000000e0000000,0x00000000e348b618,0x00000000e6000000)
 Metaspace       used 96686K, capacity 104346K, committed 104728K, reserved 1140736K
  class space    used 11552K, capacity 13732K, committed 13864K, reserved 1048576K
Event: 5319.583 GC heap after
Heap after GC invocations=191 (full 89):
 PSYoungGen      total 118784K, used 192K [0x00000000f5580000, 0x00000000fca80000, 0x0000000100000000)
  eden space 118272K, 0% used [0x00000000f5580000,0x00000000f5580000,0x00000000fc900000)
  from space 512K, 37% used [0x00000000fca00000,0x00000000fca30000,0x00000000fca80000)
  to   space 512K, 0% used [0x00000000fc980000,0x00000000fc980000,0x00000000fca00000)
 ParOldGen       total 98304K, used 53805K [0x00000000e0000000, 0x00000000e6000000, 0x00000000f5580000)
  object space 98304K, 54% used [0x00000000e0000000,0x00000000e348b618,0x00000000e6000000)
 Metaspace       used 96686K, capacity 104346K, committed 104728K, reserved 1140736K
  class space    used 11552K, capacity 13732K, committed 13864K, reserved 1048576K
}
Event: 5319.583 GC heap before
{Heap before GC invocations=192 (full 90):
 PSYoungGen      total 118784K, used 192K [0x00000000f5580000, 0x00000000fca80000, 0x0000000100000000)
  eden space 118272K, 0% used [0x00000000f5580000,0x00000000f5580000,0x00000000fc900000)
  from space 512K, 37% used [0x00000000fca00000,0x00000000fca30000,0x00000000fca80000)
  to   space 512K, 0% used [0x00000000fc980000,0x00000000fc980000,0x00000000fca00000)
 ParOldGen       total 98304K, used 53805K [0x00000000e0000000, 0x00000000e6000000, 0x00000000f5580000)
  object space 98304K, 54% used [0x00000000e0000000,0x00000000e348b618,0x00000000e6000000)
 Metaspace       used 96686K, capacity 104346K, committed 104728K, reserved 1140736K
  class space    used 11552K, capacity 13732K, committed 13864K, reserved 1048576K
Event: 5319.918 GC heap after
Heap after GC invocations=192 (full 90):
 PSYoungGen      total 118784K, used 0K [0x00000000f5580000, 0x00000000fca80000, 0x0000000100000000)
  eden space 118272K, 0% used [0x00000000f5580000,0x00000000f5580000,0x00000000fc900000)
  from space 512K, 0% used [0x00000000fca00000,0x00000000fca00000,0x00000000fca80000)
  to   space 512K, 0% used [0x00000000fc980000,0x00000000fc980000,0x00000000fca00000)
 ParOldGen       total 98304K, used 53805K [0x00000000e0000000, 0x00000000e6000000, 0x00000000f5580000)
  object space 98304K, 54% used [0x00000000e0000000,0x00000000e348b550,0x00000000e6000000)
 Metaspace       used 96686K, capacity 104346K, committed 104728K, reserved 1140736K
  class space    used 11552K, capacity 13732K, committed 13864K, reserved 1048576K
}
Event: 5379.589 GC heap before
{Heap before GC invocations=193 (full 90):
 PSYoungGen      total 118784K, used 2541K [0x00000000f5580000, 0x00000000fca80000, 0x0000000100000000)
  eden space 118272K, 2% used [0x00000000f5580000,0x00000000f57fb798,0x00000000fc900000)
  from space 512K, 0% used [0x00000000fca00000,0x00000000fca00000,0x00000000fca80000)
  to   space 512K, 0% used [0x00000000fc980000,0x00000000fc980000,0x00000000fca00000)
 ParOldGen       total 98304K, used 53805K [0x00000000e0000000, 0x00000000e6000000, 0x00000000f5580000)
  object space 98304K, 54% used [0x00000000e0000000,0x00000000e348b550,0x00000000e6000000)
 Metaspace       used 96686K, capacity 104346K, committed 104728K, reserved 1140736K
  class space    used 11552K, capacity 13732K, committed 13864K, reserved 1048576K
Event: 5379.602 GC heap after
Heap after GC invocations=193 (full 90):
 PSYoungGen      total 118784K, used 192K [0x00000000f5580000, 0x00000000fca80000, 0x0000000100000000)
  eden space 118272K, 0% used [0x00000000f5580000,0x00000000f5580000,0x00000000fc900000)
  from space 512K, 37% used [0x00000000fc980000,0x00000000fc9b0000,0x00000000fca00000)
  to   space 512K, 0% used [0x00000000fca00000,0x00000000fca00000,0x00000000fca80000)
 ParOldGen       total 98304K, used 53805K [0x00000000e0000000, 0x00000000e6000000, 0x00000000f5580000)
  object space 98304K, 54% used [0x00000000e0000000,0x00000000e348b550,0x00000000e6000000)
 Metaspace       used 96686K, capacity 104346K, committed 104728K, reserved 1140736K
  class space    used 11552K, capacity 13732K, committed 13864K, reserved 1048576K
}
Event: 5379.602 GC heap before
{Heap before GC invocations=194 (full 91):
 PSYoungGen      total 118784K, used 192K [0x00000000f5580000, 0x00000000fca80000, 0x0000000100000000)
  eden space 118272K, 0% used [0x00000000f5580000,0x00000000f5580000,0x00000000fc900000)
  from space 512K, 37% used [0x00000000fc980000,0x00000000fc9b0000,0x00000000fca00000)
  to   space 512K, 0% used [0x00000000fca00000,0x00000000fca00000,0x00000000fca80000)
 ParOldGen       total 98304K, used 53805K [0x00000000e0000000, 0x00000000e6000000, 0x00000000f5580000)
  object space 98304K, 54% used [0x00000000e0000000,0x00000000e348b550,0x00000000e6000000)
 Metaspace       used 96686K, capacity 104346K, committed 104728K, reserved 1140736K
  class space    used 11552K, capacity 13732K, committed 13864K, reserved 1048576K
Event: 5379.841 GC heap after
Heap after GC invocations=194 (full 91):
 PSYoungGen      total 118784K, used 0K [0x00000000f5580000, 0x00000000fca80000, 0x0000000100000000)
  eden space 118272K, 0% used [0x00000000f5580000,0x00000000f5580000,0x00000000fc900000)
  from space 512K, 0% used [0x00000000fc980000,0x00000000fc980000,0x00000000fca00000)
  to   space 512K, 0% used [0x00000000fca00000,0x00000000fca00000,0x00000000fca80000)
 ParOldGen       total 98304K, used 53805K [0x00000000e0000000, 0x00000000e6000000, 0x00000000f5580000)
  object space 98304K, 54% used [0x00000000e0000000,0x00000000e348b550,0x00000000e6000000)
 Metaspace       used 96686K, capacity 104346K, committed 104728K, reserved 1140736K
  class space    used 11552K, capacity 13732K, committed 13864K, reserved 1048576K
}

